<?xml version="1.0" encoding="UTF-8"?>
<!-- Generated by org.testng.reporters.JUnitXMLReporter -->
<testsuite ignored="0" hostname="DESKTOP-011FOHN" failures="0" tests="4" name="用户管理系统测试用例" time="41.715" errors="0" timestamp="25 7月 2019 07:12:28 GMT">
  <testcase classname="com.course.cases.LoginTest" name="loginTrue" time="6.155"/>
  <testcase classname="com.course.cases.LoginTest" name="loginFalse" time="5.07"/>
  <testcase classname="com.course.cases.UpdateUserInfoTest" name="updateUserInfo" time="15.162"/>
  <testcase classname="com.course.cases.UpdateUserInfoTest" name="deleteUser" time="15.099"/>
</testsuite> <!-- 用户管理系统测试用例 -->
