<?xml version="1.0" encoding="UTF-8"?>
<testng-results ignored="0" total="4" passed="4" failed="0" skipped="0">
  <reporter-output>
  </reporter-output>
  <suite started-at="2019-07-25T07:11:47Z" name="用户管理系统测试套件" finished-at="2019-07-25T07:12:28Z" duration-ms="41715">
    <groups>
      <group name="loginTrue">
        <method signature="LoginTest.loginTrue()[pri:0, instance:com.course.cases.LoginTest@de3a06f]" name="loginTrue" class="com.course.cases.LoginTest"/>
      </group> <!-- loginTrue -->
      <group name="loginFalse">
        <method signature="LoginTest.loginFalse()[pri:0, instance:com.course.cases.LoginTest@de3a06f]" name="loginFalse" class="com.course.cases.LoginTest"/>
      </group> <!-- loginFalse -->
    </groups>
    <test started-at="2019-07-25T07:11:47Z" name="用户管理系统测试用例" finished-at="2019-07-25T07:12:28Z" duration-ms="41715">
      <class name="com.course.cases.UpdateUserInfoTest">
        <test-method signature="updateUserInfo()[pri:0, instance:com.course.cases.UpdateUserInfoTest@76b10754]" started-at="2019-07-25T15:11:58Z" name="updateUserInfo" description="更改用户信息" depends-on-groups="loginTrue" finished-at="2019-07-25T15:12:13Z" duration-ms="15162" status="PASS">
          <reporter-output>
          </reporter-output>
        </test-method> <!-- updateUserInfo -->
        <test-method signature="deleteUser()[pri:0, instance:com.course.cases.UpdateUserInfoTest@76b10754]" started-at="2019-07-25T15:12:13Z" name="deleteUser" description="删除用户信息" depends-on-groups="loginTrue" finished-at="2019-07-25T15:12:28Z" duration-ms="15099" status="PASS">
          <reporter-output>
          </reporter-output>
        </test-method> <!-- deleteUser -->
      </class> <!-- com.course.cases.UpdateUserInfoTest -->
      <class name="com.course.cases.LoginTest">
        <test-method is-config="true" signature="beforeTest()[pri:0, instance:com.course.cases.LoginTest@de3a06f]" started-at="2019-07-25T15:11:47Z" name="beforeTest" description="测试准备工作，获取HttpClient对象" finished-at="2019-07-25T15:11:47Z" duration-ms="206" status="PASS">
          <reporter-output>
          </reporter-output>
        </test-method> <!-- beforeTest -->
        <test-method signature="loginTrue()[pri:0, instance:com.course.cases.LoginTest@de3a06f]" started-at="2019-07-25T15:11:47Z" name="loginTrue" description="用户登陆成功接口测试" finished-at="2019-07-25T15:11:53Z" duration-ms="6155" status="PASS">
          <reporter-output>
          </reporter-output>
        </test-method> <!-- loginTrue -->
        <test-method signature="loginFalse()[pri:0, instance:com.course.cases.LoginTest@de3a06f]" started-at="2019-07-25T15:11:53Z" name="loginFalse" description="用户登陆失败接口测试" finished-at="2019-07-25T15:11:58Z" duration-ms="5070" status="PASS">
          <reporter-output>
          </reporter-output>
        </test-method> <!-- loginFalse -->
      </class> <!-- com.course.cases.LoginTest -->
    </test> <!-- 用户管理系统测试用例 -->
  </suite> <!-- 用户管理系统测试套件 -->
</testng-results>
