<?xml version="1.0" encoding="UTF-8"?>
<testsuite xmlns:xsi="http://www.w3.org/2001/XMLSchema-instance" xsi:schemaLocation="https://maven.apache.org/surefire/maven-surefire-plugin/xsd/surefire-test-report.xsd" name="TestSuite" time="43.283" tests="4" errors="0" skipped="0" failures="0">
  <properties>
[...]
</properties>
  <testcase name="loginTrue" classname="com.course.cases.LoginTest" time="6.155"/>
  <testcase name="loginFalse" classname="com.course.cases.LoginTest" time="5.069"/>
  <testcase name="updateUserInfo" classname="com.course.cases.UpdateUserInfoTest" time="15.163"/>
  <testcase name="deleteUser" classname="com.course.cases.UpdateUserInfoTest" time="15.099"/>
</testsuite>